Determining if the pthread_create exist failed with the following output:
Change Dir: /home/zjhao/gr-lora_rts_cts/build/CMakeFiles/CMakeTmp

Run Build Command:"/usr/bin/make" "cmTC_0b5cd/fast"
/usr/bin/make -f CMakeFiles/cmTC_0b5cd.dir/build.make CMakeFiles/cmTC_0b5cd.dir/build
make[1]: Entering directory '/home/zjhao/gr-lora_rts_cts/build/CMakeFiles/CMakeTmp'
Building C object CMakeFiles/cmTC_0b5cd.dir/CheckSymbolExists.c.o
/usr/bin/cc   -std=gnu11 -o CMakeFiles/cmTC_0b5cd.dir/CheckSymbolExists.c.o   -c /home/zjhao/gr-lora_rts_cts/build/CMakeFiles/CMakeTmp/CheckSymbolExists.c
Linking C executable cmTC_0b5cd
/usr/bin/cmake -E cmake_link_script CMakeFiles/cmTC_0b5cd.dir/link.txt --verbose=1
/usr/bin/cc      CMakeFiles/cmTC_0b5cd.dir/CheckSymbolExists.c.o  -o cmTC_0b5cd 
CMakeFiles/cmTC_0b5cd.dir/CheckSymbolExists.c.o: In function `main':
CheckSymbolExists.c:(.text+0x1b): undefined reference to `pthread_create'
collect2: error: ld returned 1 exit status
CMakeFiles/cmTC_0b5cd.dir/build.make:97: recipe for target 'cmTC_0b5cd' failed
make[1]: *** [cmTC_0b5cd] Error 1
make[1]: Leaving directory '/home/zjhao/gr-lora_rts_cts/build/CMakeFiles/CMakeTmp'
Makefile:126: recipe for target 'cmTC_0b5cd/fast' failed
make: *** [cmTC_0b5cd/fast] Error 2

File /home/zjhao/gr-lora_rts_cts/build/CMakeFiles/CMakeTmp/CheckSymbolExists.c:
/* */
#include <pthread.h>

int main(int argc, char** argv)
{
  (void)argv;
#ifndef pthread_create
  return ((int*)(&pthread_create))[argc];
#else
  (void)argc;
  return 0;
#endif
}

Determining if the function pthread_create exists in the pthreads failed with the following output:
Change Dir: /home/zjhao/gr-lora_rts_cts/build/CMakeFiles/CMakeTmp

Run Build Command:"/usr/bin/make" "cmTC_a8db1/fast"
/usr/bin/make -f CMakeFiles/cmTC_a8db1.dir/build.make CMakeFiles/cmTC_a8db1.dir/build
make[1]: Entering directory '/home/zjhao/gr-lora_rts_cts/build/CMakeFiles/CMakeTmp'
Building C object CMakeFiles/cmTC_a8db1.dir/CheckFunctionExists.c.o
/usr/bin/cc   -DCHECK_FUNCTION_EXISTS=pthread_create   -std=gnu11 -o CMakeFiles/cmTC_a8db1.dir/CheckFunctionExists.c.o   -c /usr/share/cmake-3.10/Modules/CheckFunctionExists.c
Linking C executable cmTC_a8db1
/usr/bin/cmake -E cmake_link_script CMakeFiles/cmTC_a8db1.dir/link.txt --verbose=1
/usr/bin/cc  -DCHECK_FUNCTION_EXISTS=pthread_create    CMakeFiles/cmTC_a8db1.dir/CheckFunctionExists.c.o  -o cmTC_a8db1 -lpthreads 
/usr/bin/ld: cannot find -lpthreads
collect2: error: ld returned 1 exit status
CMakeFiles/cmTC_a8db1.dir/build.make:97: recipe for target 'cmTC_a8db1' failed
make[1]: *** [cmTC_a8db1] Error 1
make[1]: Leaving directory '/home/zjhao/gr-lora_rts_cts/build/CMakeFiles/CMakeTmp'
Makefile:126: recipe for target 'cmTC_a8db1/fast' failed
make: *** [cmTC_a8db1/fast] Error 2


